
Sat Feb 14 2026 20:02:09:156 GMT+0530 (India Standard Time) -- [SUCCESS] You can now access your local server(s) in our remote browser

Sat Feb 14 2026 20:02:09:326 GMT+0530 (India Standard Time) -- Starting configuration console on http://localhost:45454
Sat Feb 14 2026 20:02:23:164 GMT+0530 (India Standard Time) -- Press Ctrl-C to exit



Sat Feb 14 2026 20:05:30:346 GMT+0530 (India Standard Time) -- [SUCCESS] You can now access your local server(s) in our remote browser

Sat Feb 14 2026 20:05:30:596 GMT+0530 (India Standard Time) -- Starting configuration console on http://localhost:45454
Sat Feb 14 2026 20:06:19:377 GMT+0530 (India Standard Time) -- Press Ctrl-C to exit



Sat Feb 14 2026 21:43:21:749 GMT+0530 (India Standard Time) -- [SUCCESS] You can now access your local server(s) in our remote browser

Sat Feb 14 2026 21:43:21:983 GMT+0530 (India Standard Time) -- Press Ctrl-C to exit


Sat Feb 14 2026 21:43:22:508 GMT+0530 (India Standard Time) -- Starting configuration console on http://localhost:45454

Sat Feb 14 2026 21:47:39:54 GMT+0530 (India Standard Time) -- [SUCCESS] You can now access your local server(s) in our remote browser

Sat Feb 14 2026 21:47:39:143 GMT+0530 (India Standard Time) -- Starting configuration console on http://localhost:45454
Sat Feb 14 2026 21:47:40:946 GMT+0530 (India Standard Time) -- Press Ctrl-C to exit


Sat Feb 14 2026 21:49:47:28 GMT+0530 (India Standard Time) -- Press Ctrl-C to exit



Sat Feb 14 2026 21:58:32:75 GMT+0530 (India Standard Time) -- [SUCCESS] You can now access your local server(s) in our remote browser

Sat Feb 14 2026 21:58:32:145 GMT+0530 (India Standard Time) -- Starting configuration console on http://localhost:45454
Sat Feb 14 2026 21:58:35:602 GMT+0530 (India Standard Time) -- Press Ctrl-C to exit



Sat Feb 14 2026 22:37:44:741 GMT+0530 (India Standard Time) -- [SUCCESS] You can now access your local server(s) in our remote browser

Sat Feb 14 2026 22:37:44:921 GMT+0530 (India Standard Time) -- Starting configuration console on http://localhost:45454
Sat Feb 14 2026 22:37:46:16 GMT+0530 (India Standard Time) -- Press Ctrl-C to exit



Sat Feb 14 2026 23:33:49:394 GMT+0530 (India Standard Time) -- [SUCCESS] You can now access your local server(s) in our remote browser

Sat Feb 14 2026 23:33:49:500 GMT+0530 (India Standard Time) -- Starting configuration console on http://localhost:45454
Sat Feb 14 2026 23:33:50:468 GMT+0530 (India Standard Time) -- Press Ctrl-C to exit



Sat Feb 14 2026 23:37:26:275 GMT+0530 (India Standard Time) -- Starting configuration console on http://localhost:45454
Sat Feb 14 2026 23:37:26:313 GMT+0530 (India Standard Time) -- [SUCCESS] You can now access your local server(s) in our remote browser

Sat Feb 14 2026 23:37:26:807 GMT+0530 (India Standard Time) -- Press Ctrl-C to exit



Sun Feb 15 2026 10:16:21:677 GMT+0530 (India Standard Time) -- [SUCCESS] You can now access your local server(s) in our remote browser

Sun Feb 15 2026 10:16:21:785 GMT+0530 (India Standard Time) -- Press Ctrl-C to exit


Sun Feb 15 2026 10:16:22:30 GMT+0530 (India Standard Time) -- Starting configuration console on http://localhost:45454

Sun Feb 15 2026 11:02:43:780 GMT+0530 (India Standard Time) -- [SUCCESS] You can now access your local server(s) in our remote browser

Sun Feb 15 2026 11:02:44:903 GMT+0530 (India Standard Time) -- Starting configuration console on http://localhost:45454
Sun Feb 15 2026 11:02:45:15 GMT+0530 (India Standard Time) -- Press Ctrl-C to exit



Sun Feb 15 2026 11:03:48:612 GMT+0530 (India Standard Time) -- [SUCCESS] You can now access your local server(s) in our remote browser

Sun Feb 15 2026 11:03:48:705 GMT+0530 (India Standard Time) -- Press Ctrl-C to exit


Sun Feb 15 2026 11:03:49:291 GMT+0530 (India Standard Time) -- Starting configuration console on http://localhost:45454

Sun Feb 15 2026 11:13:04:19 GMT+0530 (India Standard Time) -- [SUCCESS] You can now access your local server(s) in our remote browser

Sun Feb 15 2026 11:13:04:987 GMT+0530 (India Standard Time) -- Starting configuration console on http://localhost:45454
Sun Feb 15 2026 11:13:06:998 GMT+0530 (India Standard Time) -- Press Ctrl-C to exit



Sun Feb 15 2026 11:17:09:221 GMT+0530 (India Standard Time) -- [SUCCESS] You can now access your local server(s) in our remote browser

Sun Feb 15 2026 11:17:09:996 GMT+0530 (India Standard Time) -- Starting configuration console on http://localhost:45454
Sun Feb 15 2026 11:17:10:223 GMT+0530 (India Standard Time) -- Press Ctrl-C to exit



Sun Feb 15 2026 11:18:07:263 GMT+0530 (India Standard Time) -- [SUCCESS] You can now access your local server(s) in our remote browser

Sun Feb 15 2026 11:18:07:379 GMT+0530 (India Standard Time) -- Press Ctrl-C to exit


Sun Feb 15 2026 11:18:08:7 GMT+0530 (India Standard Time) -- Starting configuration console on http://localhost:45454

Sun Feb 15 2026 11:28:04:616 GMT+0530 (India Standard Time) -- [SUCCESS] You can now access your local server(s) in our remote browser

Sun Feb 15 2026 11:28:05:256 GMT+0530 (India Standard Time) -- Starting configuration console on http://localhost:45454
Sun Feb 15 2026 11:28:05:658 GMT+0530 (India Standard Time) -- Press Ctrl-C to exit



Sun Feb 15 2026 11:37:29:622 GMT+0530 (India Standard Time) -- [SUCCESS] You can now access your local server(s) in our remote browser

Sun Feb 15 2026 11:37:30:415 GMT+0530 (India Standard Time) -- Starting configuration console on http://localhost:45454
Sun Feb 15 2026 11:37:30:486 GMT+0530 (India Standard Time) -- Press Ctrl-C to exit



Sun Feb 15 2026 11:40:09:296 GMT+0530 (India Standard Time) -- [SUCCESS] You can now access your local server(s) in our remote browser

Sun Feb 15 2026 11:40:09:386 GMT+0530 (India Standard Time) -- Press Ctrl-C to exit


Sun Feb 15 2026 11:40:10:40 GMT+0530 (India Standard Time) -- Starting configuration console on http://localhost:45454
